Removed Pin From Net: NetName=VCC Pin=J1-1
Removed Pin From Net: NetName=MCU_PB2 Pin=J1-2
Removed Pin From Net: NetName=MCU_PB3 Pin=J1-3
Removed Pin From Net: NetName=MCU_PB5 Pin=J1-4
Removed Pin From Net: NetName=GND Pin=J1-6
Removed Member From Class: ClassName=1 Member=J1
Added Component: Designator=H1(XH2.54M-7)
Add component (AddParameter): Name = "Chung_Loai"; Value = "C?m"; VariantName = "[No Variations]"
Add component (AddParameter): Name = "Don_Vi"; Value = "Con"; VariantName = "[No Variations]"
Add component (AddParameter): Name = "Ghi_Chu"; Value = ""; VariantName = "[No Variations]"
Add component (AddParameter): Name = "Kieu_Chan"; Value = ""; VariantName = "[No Variations]"
Add component (AddParameter): Name = "Ma_Hang"; Value = "MH003369"; VariantName = "[No Variations]"
Add component (AddParameter): Name = "Ten_Linh_Kien"; Value = "Header 7P XH2.54-7P Đ?c Th?ng"; VariantName = "[No Variations]"
Added Pin To Net: NetName=VCC Pin=H1-1
Added Pin To Net: NetName=VCC Pin=H1-2
Added Pin To Net: NetName=MCU_PB2 Pin=H1-3
Added Pin To Net: NetName=MCU_PB3 Pin=H1-4
Added Pin To Net: NetName=MCU_PB5 Pin=H1-5
Added Pin To Net: NetName=GND Pin=H1-6
Added Pin To Net: NetName=GND Pin=H1-7
Added Member To Class: ClassName=1 Member=Component H1 Header 7P 2.54 Duc Thang
