Removed Pin From Net: NetName=VCC Pin=H1-1
Removed Pin From Net: NetName=GND Pin=H1-5
Removed Pin From Net: NetName=VCC Pin=LCD1-2
Removed Pin From Net: NetName=VCC Pin=LS1-1
Removed Pin From Net: NetName=VCC Pin=U1-7
Removed Pin From Net: NetName=VCC Pin=VR1-3
Change Component Footprint: Designator=R1 Old Footprint=tro vach 2w New Footprint=RES_0402
Added Component: Designator=J1(G800W302018EU)
Add component (AddParameter): Name = "Manufacturer"; Value = "Amphenol"; VariantName = "[No Variations]"
Add component (AddParameter): Name = "Manufacturer Part Number"; Value = "G800W302018EU"; VariantName = "[No Variations]"
Added Component: Designator=J2(G800W302018EU)
Add component (AddParameter): Name = "Manufacturer"; Value = "Amphenol"; VariantName = "[No Variations]"
Add component (AddParameter): Name = "Manufacturer Part Number"; Value = "G800W302018EU"; VariantName = "[No Variations]"
Added Pin To Net: NetName=VCC Pin=J1-1
Added Pin To Net: NetName=MCU_PB2 Pin=J1-2
Added Pin To Net: NetName=MCU_PB3 Pin=J1-3
Added Pin To Net: NetName=MCU_PB5 Pin=J1-4
Added Pin To Net: NetName=GND Pin=J1-6
Added Pin To Net: NetName=VCC Pin=J2-1
Added Pin To Net: NetName=GND Pin=J2-6
Added Pin To Net: NetName=BUZZER_VCC Pin=J2-4
Added Pin To Net: NetName=BUZZER_VCC Pin=LS1-1
Added Net: Name=BUZZER_VCC
Added Pin To Net: NetName=LCD_VCC Pin=J2-3
Added Pin To Net: NetName=LCD_VCC Pin=LCD1-2
Added Pin To Net: NetName=LCD_VCC Pin=VR1-3
Added Net: Name=LCD_VCC
Added Pin To Net: NetName=NetJ1_5 Pin=J1-5
Added Pin To Net: NetName=NetJ1_5 Pin=U1-7
Added Net: Name=NetJ1_5
Added Member To Class: ClassName=1 Member=Component J1 G800W302018EU
Added Member To Class: ClassName=1 Member=Component J2 G800W302018EU
