Remove Pin=LCD-4 From Net=MCU_PD0
Remove Pin=LCD-5 From Net=MCU_PD1
Remove Pin=LCD-6 From Net=MCU_PD2
Remove Pin=LCD-11 From Net=MCU_PD4
Remove Pin=LCD-12 From Net=MCU_PD5
Remove Pin=LCD-13 From Net=MCU_PD6
Remove Pin=LCD-14 From Net=MCU_PD7
Remove Pin=R1-1 From Net=MCU_PB1
Remove Pin=SW1-1 From Net=MCU_PC1
Remove Pin=SW2-1 From Net=MCU_PC0
Remove Pin=SW3-1 From Net=MCU_PC2
Remove Pin=SW4-1 From Net=MCU_PC3
Remove Pin=SW5-1 From Net=MCU_PC6
Remove Pin=U1-1 From Net=MCU_PC6
Remove Pin=U1-2 From Net=MCU_PD0
Remove Pin=U1-3 From Net=MCU_PD1
Remove Pin=U1-4 From Net=MCU_PD2
Remove Pin=U1-6 From Net=MCU_PD4
Remove Pin=U1-11 From Net=MCU_PD5
Remove Pin=U1-12 From Net=MCU_PD6
Remove Pin=U1-13 From Net=MCU_PD7
Remove Pin=U1-15 From Net=MCU_PB1
Remove Pin=U1-16 From Net=MCU_PB2
Remove Pin=U1-17 From Net=MCU_PB3
Remove Pin=U1-19 From Net=MCU_PB5
Remove Pin=U1-23 From Net=MCU_PC0
Remove Pin=U1-24 From Net=MCU_PC1
Remove Pin=U1-25 From Net=MCU_PC2
Remove Pin=U1-26 From Net=MCU_PC3
Remove Pin=U2-1 From Net=MCU_PB3
Remove Pin=U2-2 From Net=LED_ROW1
Remove Pin=U2-3 From Net=LED_ROW5
Remove Pin=U2-5 From Net=LED_ROW7
Remove Pin=U2-6 From Net=LED_ROW3
Remove Pin=U2-7 From Net=LED_ROW4
Remove Pin=U2-8 From Net=LED_ROW8
Remove Pin=U2-10 From Net=LED_ROW6
Remove Pin=U2-11 From Net=LED_ROW2
Remove Pin=U2-12 From Net=MCU_PB2
Remove Pin=U2-13 From Net=MCU_PB5
Remove Pin=U2-14 From Net=LED_COL1
Remove Pin=U2-15 From Net=LED_COL6
Remove Pin=U2-16 From Net=LED_COL2
Remove Pin=U2-17 From Net=LED_COL7
Remove Pin=U2-20 From Net=LED_COL3
Remove Pin=U2-21 From Net=LED_COL5
Remove Pin=U2-22 From Net=LED_COL8
Remove Pin=U2-23 From Net=LED_COL4
