\BOOKMARK [1][-]{section.1}{\376\377\000G\000I\036\332\000I\000\040\000T\000H\000I\036\306\000U}{}% 1
\BOOKMARK [2][-]{subsection.1.1}{\376\377\000T\036\325\000n\000g\000\040\000q\000u\000a\000n}{section.1}% 2
\BOOKMARK [2][-]{subsection.1.2}{\376\377\000N\000h\000i\036\307\000m\000\040\000v\036\345\000\040\001\021\036\301\000\040\000t\000\340\000i}{section.1}% 3
\BOOKMARK [1][-]{section.2}{\376\377\000L\000\335\000\040\000T\000H\000U\000Y\036\276\000T}{}% 4
\BOOKMARK [2][-]{subsection.2.1}{\376\377\000V\000i\000\040\000x\036\355\000\040\000l\000\375\000\040\000A\000t\000m\000e\000g\000a\0003\0002\0008\000P}{section.2}% 5
\BOOKMARK [2][-]{subsection.2.2}{\376\377\000L\000C\000D\000\040\0001\0006\0000\0002}{section.2}% 6
\BOOKMARK [2][-]{subsection.2.3}{\376\377\000M\000o\000d\000u\000l\000e\000\040\000L\000E\000D\000\040\000M\000A\000T\000R\000I\000X\000\040\0008\000x\0008\000\040\000V\000\300\000\040\000I\000C\000\040\000M\000A\000X\0007\0002\0001\0009}{section.2}% 7
\BOOKMARK [2][-]{subsection.2.4}{\376\377\000M\036\241\000c\000h\000\040\000s\036\241\000c\000\040\000p\000i\000n\000\040\000T\000P\0004\0000\0005\0006}{section.2}% 8
\BOOKMARK [2][-]{subsection.2.5}{\376\377\000M\036\241\000c\000h\000\040\000t\001\003\000n\000g\000\040\000\341\000p\000\040\000D\000C\000-\000D\000C\000\040\000M\000T\0003\0006\0000\0008}{section.2}% 9
\BOOKMARK [1][-]{section.3}{\376\377\000T\000H\000I\036\276\000T\000\040\000K\036\276\000\040\000V\000\300\000\040\000T\000H\036\360\000C\000\040\000H\000I\036\306\000N\000\040\000P\000H\036\246\000N\000\040\000C\036\350\000N\000G}{}% 10
\BOOKMARK [2][-]{subsection.3.1}{\376\377\000Y\000\352\000u\000\040\000c\036\247\000u\000\040\000t\000h\000i\036\277\000t\000\040\000k\036\277}{section.3}% 11
\BOOKMARK [3][-]{subsubsection.3.1.1}{\376\377\000Y\000\352\000u\000\040\000c\036\247\000u\000\040\000c\000h\000u\000n\000g}{subsection.3.1}% 12
\BOOKMARK [3][-]{subsubsection.3.1.2}{\376\377\000Y\000\352\000u\000\040\000c\036\247\000u\000\040\001\021\036\321\000i\000\040\000v\036\333\000i\000\040\000k\000h\036\321\000i\000\040\000x\036\355\000\040\000l\000\375\000\040\000t\000r\000u\000n\000g\000\040\000t\000\342\000m\000:}{subsection.3.1}% 13
\BOOKMARK [3][-]{subsubsection.3.1.3}{\376\377\000Y\000\352\000u\000\040\000c\036\247\000u\000\040\001\021\036\321\000i\000\040\000v\036\333\000i\000\040\000k\000h\036\321\000i\000\040\000h\000i\036\303\000n\000\040\000t\000h\036\313}{subsection.3.1}% 14
\BOOKMARK [3][-]{subsubsection.3.1.4}{\376\377\000Y\000\352\000u\000\040\000c\036\247\000u\000\040\001\021\036\321\000i\000\040\000v\036\333\000i\000\040\000g\000i\000a\000o\000\040\000t\000i\036\277\000p\000\040\001\021\000i\036\301\000u\000\040\000k\000h\000i\036\303\000n}{subsection.3.1}% 15
\BOOKMARK [3][-]{subsubsection.3.1.5}{\376\377\000Y\000\352\000u\000\040\000c\036\247\000u\000\040\001\021\036\321\000i\000\040\000v\036\333\000i\000\040\000n\000g\000u\036\323\000n\000\040\000v\000\340\000\040\001\021\036\331\000\040\000t\000i\000n\000\040\000c\036\255\000y}{subsection.3.1}% 16
\BOOKMARK [2][-]{subsection.3.2}{\376\377\000P\000h\000\342\000n\000\040\000t\000\355\000c\000h\000\040\000v\000\340\000\040\000l\036\361\000a\000\040\000c\000h\036\315\000n\000\040\000p\000h\001\260\001\241\000n\000g\000\040\000\341\000n\000\040\000t\000h\000i\036\277\000t\000\040\000k\036\277\000:}{section.3}% 17
\BOOKMARK [3][-]{subsubsection.3.2.1}{\376\377\000L\036\361\000a\000\040\000c\000h\036\315\000n\000\040\000g\000i\036\243\000i\000\040\000p\000h\000\341\000p\000\040\000h\000i\036\303\000n\000\040\000t\000h\036\313\000\040\000c\000h\000\355\000n\000h}{subsection.3.2}% 18
\BOOKMARK [3][-]{subsubsection.3.2.2}{\376\377\000L\036\361\000a\000\040\000c\000h\036\315\000n\000\040\000m\000\340\000n\000\040\000h\000\354\000n\000h\000\040\000p\000h\036\345\000\040\000L\000C\000D}{subsection.3.2}% 19
\BOOKMARK [3][-]{subsubsection.3.2.3}{\376\377\000L\036\361\000a\000\040\000c\000h\036\315\000n\000\040\000g\000i\036\243\000i\000\040\000p\000h\000\341\000p\000\040\000n\000g\000u\036\323\000n}{subsection.3.2}% 20
\BOOKMARK [3][-]{subsubsection.3.2.4}{\376\377\000L\036\361\000a\000\040\000c\000h\036\315\000n\000\040\000k\000h\036\321\000i\000\040\001\021\000i\036\301\000u\000\040\000k\000h\000i\036\303\000n\000\040\000v\000\340\000\040\000\342\000m\000\040\000t\000h\000a\000n\000h}{subsection.3.2}% 21
\BOOKMARK [2][-]{subsection.3.3}{\376\377\000S\001\241\000\040\001\021\036\323\000\040\000k\000h\036\321\000i\000\040\000\050\000H\000a\000r\000d\000w\000a\000r\000e\000\040\000b\000l\000o\000c\000k\000\040\000D\000i\000a\000g\000r\000a\000m\000\051}{section.3}% 22
\BOOKMARK [2][-]{subsection.3.4}{\376\377\000S\001\241\000\040\001\021\036\323\000\040\000n\000g\000u\000y\000\352\000n\000\040\000l\000\375\000\040\000\050\000S\000c\000h\000e\000m\000a\000t\000i\000c\000s\000\051}{section.3}% 23
\BOOKMARK [1][-]{section.4}{\376\377\000T\000H\000I\036\276\000T\000\040\000K\036\276\000\040\000V\000\300\000\040\000T\000H\036\360\000C\000\040\000H\000I\036\306\000N\000\040\000P\000H\036\246\000N\000\040\000M\036\300\000M}{}% 24
\BOOKMARK [2][-]{subsection.4.1}{\376\377\000Y\000\352\000u\000\040\000c\036\247\000u\000\040\001\021\036\267\000t\000\040\000r\000a\000\040\000c\000h\000o\000\040\000p\000h\036\247\000n\000\040\000m\036\301\000m}{section.4}% 25
\BOOKMARK [3][-]{subsubsection.4.1.1}{\376\377\000Y\000\352\000u\000\040\000c\036\247\000u\000\040\000c\000h\000u\000n\000g}{subsection.4.1}% 26
\BOOKMARK [3][-]{subsubsection.4.1.2}{\376\377\000Y\000\352\000u\000\040\000c\036\247\000u\000\040\000c\000h\036\351\000c\000\040\000n\001\003\000n\000g}{subsection.4.1}% 27
\BOOKMARK [3][-]{subsubsection.4.1.3}{\376\377\000Y\000\352\000u\000\040\000c\036\247\000u\000\040\000k\036\371\000\040\000t\000h\000u\036\255\000t\000\040\000v\000\340\000\040\000t\000h\036\335\000i\000\040\000g\000i\000a\000n\000\040\000t\000h\036\361\000c}{subsection.4.1}% 28
\BOOKMARK [3][-]{subsubsection.4.1.4}{\376\377\000Y\000\352\000u\000\040\000c\036\247\000u\000\040\000v\036\301\000\040\000c\036\245\000u\000\040\000t\000r\000\372\000c\000\040\000c\000h\001\260\001\241\000n\000g\000\040\000t\000r\000\354\000n\000h\000\040\000v\000\340\000\040\000k\000h\036\243\000\040\000n\001\003\000n\000g\000\040\000m\036\337\000\040\000r\036\331\000n\000g}{subsection.4.1}% 29
\BOOKMARK [2][-]{subsection.4.2}{\376\377\000P\000h\000\342\000n\000\040\000t\000\355\000c\000h\000\040\000p\000h\001\260\001\241\000n\000g\000\040\000p\000h\000\341\000p\000\040\000t\000h\036\361\000c\000\040\000h\000i\036\307\000n\000\040\000c\000h\001\260\001\241\000n\000g\000\040\000t\000r\000\354\000n\000h}{section.4}% 30
\BOOKMARK [3][-]{subsubsection.4.2.1}{\376\377\000K\000i\036\277\000n\000\040\000t\000r\000\372\000c\000\040\000t\036\325\000n\000g\000\040\000t\000h\036\303\000\040\000p\000h\036\247\000n\000\040\000m\036\301\000m}{subsection.4.2}% 31
\BOOKMARK [3][-]{subsubsection.4.2.2}{\376\377\000T\036\325\000\040\000c\000h\036\351\000c\000\040\000d\036\357\000\040\000l\000i\036\307\000u}{subsection.4.2}% 32
\BOOKMARK [3][-]{subsubsection.4.2.3}{\376\377\000X\036\355\000\040\000l\000\375\000\040\000n\000\372\000t\000\040\000n\000h\036\245\000n\000\040\000v\000\340\000\040\000c\000h\036\321\000n\000g\000\040\000d\036\331\000i}{subsection.4.2}% 33
\BOOKMARK [3][-]{subsubsection.4.2.4}{\376\377\000Q\000u\036\243\000n\000\040\000l\000\375\000\040\000t\000h\036\335\000i\000\040\000g\000i\000a\000n\000\040\000v\000\340\000\040\000t\036\321\000c\000\040\001\021\036\331\000\040\000t\000r\000\362\000\040\000c\000h\001\241\000i}{subsection.4.2}% 34
\BOOKMARK [2][-]{subsection.4.3}{\376\377\000L\001\260\000u\000\040\001\021\036\323\000\040\000g\000i\036\243\000i\000\040\000t\000h\000u\036\255\000t\000\040\000t\036\325\000n\000g\000\040\000q\000u\000\341\000t\000\040\000v\000\340\000\040\000g\000i\036\243\000i\000\040\000t\000h\000\355\000c\000h}{section.4}% 35
\BOOKMARK [2][-]{subsection.4.4}{\376\377\000L\001\260\000u\000\040\001\021\036\323\000\040\000g\000i\036\243\000i\000\040\000t\000h\000u\036\255\000t\000\040\000c\000h\000i\000\040\000t\000i\036\277\000t\000\040\000v\000\340\000\040\000g\000i\036\243\000i\000\040\000t\000h\000\355\000c\000h\000:}{section.4}% 36
\BOOKMARK [3][-]{subsubsection.4.4.1}{\376\377\000G\000i\036\243\000i\000\040\000t\000h\000u\036\255\000t\000\040\000t\000r\000\362\000\040\000c\000h\001\241\000i\000\040\000s\000n\000a\000k\000e\000\040\000g\000a\000m\000e}{subsection.4.4}% 37
\BOOKMARK [3][-]{subsubsection.4.4.2}{\376\377\000G\000i\036\243\000i\000\040\000t\000h\000u\036\255\000t\000\040\000t\000r\000\362\000\040\000c\000h\001\241\000i\000\040\040\034\000p\000i\000c\000k\000l\000e\000\040\000b\000a\000l\000l\040\035}{subsection.4.4}% 38
\BOOKMARK [1][-]{section.5}{\376\377\000K\036\276\000T\000\040\000Q\000U\036\242\000\040\000T\000H\036\360\000C\000\040\000H\000I\036\306\000N}{}% 39
\BOOKMARK [2][-]{subsection.5.1}{\376\377\000K\036\277\000t\000\040\000q\000u\036\243\000\040\000t\000h\000i\036\277\000t\000\040\000k\036\277\000\040\000p\000h\036\247\000n\000\040\000c\036\351\000n\000g\000\040\000q\000u\000a\000\040\000A\000l\000t\000i\000u\000m}{section.5}% 40
\BOOKMARK [2][-]{subsection.5.2}{\376\377\000K\036\277\000t\000\040\000q\000u\036\243\000\040\000m\000\364\000\040\000p\000h\036\317\000n\000g\000\040\000p\000h\036\247\000n\000\040\000c\036\351\000n\000g\000\040\000q\000u\000a\000\040\000A\000l\000t\000i\000u\000m}{section.5}% 41
\BOOKMARK [2][-]{subsection.5.3}{\376\377\000K\036\277\000t\000\040\000q\000u\036\243\000\040\000m\000\364\000\040\000p\000h\036\317\000n\000g\000\040\000P\000r\000o\000t\000e\000u\000s}{section.5}% 42
\BOOKMARK [2][-]{subsection.5.4}{\376\377\000K\036\277\000t\000\040\000q\000u\036\243\000\040\000t\000h\036\361\000c\000\040\000h\000i\036\307\000n\000\040\000p\000h\036\247\000n\000\040\000c\036\351\000n\000g}{section.5}% 43
\BOOKMARK [2][-]{subsection.5.5}{\376\377\000K\036\277\000t\000\040\000q\000u\036\243\000\040\000c\000h\036\241\000y\000\040\000t\000h\036\361\000c\000\040\000t\036\277}{section.5}% 44
\BOOKMARK [1][-]{section.6}{\376\377\000K\036\276\000T\000\040\000L\000U\036\254\000N\000\040\000V\000\300\000\040\001\020\036\312\000N\000H\000\040\000H\001\257\036\332\000N\000G\000\040\000P\000H\000\301\000T\000\040\000T\000R\000I\036\302\000N}{}% 45
\BOOKMARK [2][-]{subsection.6.1}{\376\377\000K\036\277\000t\000\040\000l\000u\036\255\000n}{section.6}% 46
\BOOKMARK [2][-]{subsection.6.2}{\376\377\001\020\036\313\000n\000h\000\040\000h\001\260\036\333\000n\000g\000\040\000p\000h\000\341\000t\000\040\000t\000r\000i\036\303\000n}{section.6}% 47
\BOOKMARK [1][-]{section.7}{\376\377\000T\000\300\000I\000\040\000L\000I\036\306\000U\000\040\000T\000H\000A\000M\000\040\000K\000H\036\242\000O}{}% 48
